<?xml version="1.0" encoding="UTF-8"?>
<!-- Generated by org.testng.reporters.JUnitReportReporter -->
<testsuite hostname="CAV-PC" name="httpClientTest.PostTest" tests="2" failures="0" timestamp="30 Sep 2016 21:42:46 GMT" time="0.011" errors="0">
  <testcase name="testStatusCode" time="0.006" classname="httpClientTest.PostTest"/>
  <testcase name="res" time="0.005" classname="httpClientTest.PostTest"/>
</testsuite> <!-- httpClientTest.PostTest -->
