<?xml version="1.0" encoding="UTF-8"?>
<!-- Generated by org.testng.reporters.JUnitReportReporter -->
<testsuite hostname="CAV-PC" name="httpClientTest.GetTest" tests="5" failures="0" timestamp="30 Sep 2016 21:21:05 GMT" time="0.013" errors="0">
  <testcase name="testWebsite" time="0.002" classname="httpClientTest.GetTest"/>
  <testcase name="testStatusCode" time="0.001" classname="httpClientTest.GetTest"/>
  <testcase name="testUsername" time="0.001" classname="httpClientTest.GetTest"/>
  <testcase name="testName" time="0.002" classname="httpClientTest.GetTest"/>
  <testcase name="testAddress" time="0.007" classname="httpClientTest.GetTest"/>
</testsuite> <!-- httpClientTest.GetTest -->
