<?xml version="1.0" encoding="UTF-8"?>
<!-- Generated by org.testng.reporters.JUnitReportReporter -->
<testsuite hostname="CAV-PC" name="get.GetTest" tests="5" failures="0" timestamp="1 Oct 2016 01:34:03 GMT" time="0.017" errors="0">
  <testcase name="testWebsite" time="0.002" classname="get.GetTest"/>
  <testcase name="testStatusCode" time="0.002" classname="get.GetTest"/>
  <testcase name="testUsername" time="0.003" classname="get.GetTest"/>
  <testcase name="testName" time="0.004" classname="get.GetTest"/>
  <testcase name="testAddress" time="0.006" classname="get.GetTest"/>
</testsuite> <!-- get.GetTest -->
