<?xml version="1.0" encoding="UTF-8"?>
<!-- Generated by org.testng.reporters.JUnitReportReporter -->
<testsuite hostname="CAV-PC" name="post.PostTest" tests="1" failures="0" timestamp="6 Dec 2016 17:33:04 GMT" time="0.042" errors="0">
  <testcase name="testStatusCode" time="0.042" classname="post.PostTest"/>
</testsuite> <!-- post.PostTest -->
